# JRE version: OpenJDK Runtime Environment (8.0_76-b03) (build 1.8.0_76-release-b03)
# Java VM: OpenJDK 64-Bit Server VM (25.76-b03 mixed mode windows-amd64 compressed oops)
Heap:
 PSYoungGen      total 72192K, used 10656K [0x00000000e0000000, 0x00000000e4f00000, 0x0000000100000000)
  eden space 63488K, 16% used [0x00000000e0000000,0x00000000e0a681c8,0x00000000e3e00000)
  from space 8704K, 0% used [0x00000000e4680000,0x00000000e4680000,0x00000000e4f00000)
  to   space 8704K, 0% used [0x00000000e3e00000,0x00000000e3e00000,0x00000000e4680000)
 ParOldGen       total 37376K, used 12213K [0x00000000a0000000, 0x00000000a2480000, 0x00000000e0000000)
  object space 37376K, 32% used [0x00000000a0000000,0x00000000a0bed598,0x00000000a2480000)
 Metaspace       used 22037K, capacity 22544K, committed 22576K, reserved 1069056K
  class space    used 2919K, capacity 3108K, committed 3120K, reserved 1048576K
GC Heap History (10 events):
Event: 4.251 GC heap before
{Heap before GC invocations=3 (full 0):
 PSYoungGen      total 18432K, used 17967K [0x00000000e0000000, 0x00000000e2400000, 0x0000000100000000)
  eden space 15872K, 100% used [0x00000000e0000000,0x00000000e0f80000,0x00000000e0f80000)
  from space 2560K, 81% used [0x00000000e1200000,0x00000000e140be00,0x00000000e1480000)
  to   space 2560K, 0% used [0x00000000e0f80000,0x00000000e0f80000,0x00000000e1200000)
 ParOldGen       total 42496K, used 488K [0x00000000a0000000, 0x00000000a2980000, 0x00000000e0000000)
  object space 42496K, 1% used [0x00000000a0000000,0x00000000a007a0f0,0x00000000a2980000)
 Metaspace       used 10732K, capacity 11014K, committed 11264K, reserved 1058816K
  class space    used 1369K, capacity 1459K, committed 1536K, reserved 1048576K
Event: 4.300 GC heap after
Heap after GC invocations=3 (full 0):
 PSYoungGen      total 18432K, used 2560K [0x00000000e0000000, 0x00000000e2400000, 0x0000000100000000)
  eden space 15872K, 0% used [0x00000000e0000000,0x00000000e0000000,0x00000000e0f80000)
  from space 2560K, 100% used [0x00000000e0f80000,0x00000000e1200000,0x00000000e1200000)
  to   space 2560K, 0% used [0x00000000e2180000,0x00000000e2180000,0x00000000e2400000)
 ParOldGen       total 42496K, used 1928K [0x00000000a0000000, 0x00000000a2980000, 0x00000000e0000000)
  object space 42496K, 4% used [0x00000000a0000000,0x00000000a01e21c0,0x00000000a2980000)
 Metaspace       used 10732K, capacity 11014K, committed 11264K, reserved 1058816K
  class space    used 1369K, capacity 1459K, committed 1536K, reserved 1048576K
}
Event: 5.690 GC heap before
{Heap before GC invocations=4 (full 0):
 PSYoungGen      total 18432K, used 18432K [0x00000000e0000000, 0x00000000e2400000, 0x0000000100000000)
  eden space 15872K, 100% used [0x00000000e0000000,0x00000000e0f80000,0x00000000e0f80000)
  from space 2560K, 100% used [0x00000000e0f80000,0x00000000e1200000,0x00000000e1200000)
  to   space 2560K, 0% used [0x00000000e2180000,0x00000000e2180000,0x00000000e2400000)
 ParOldGen       total 42496K, used 1928K [0x00000000a0000000, 0x00000000a2980000, 0x00000000e0000000)
  object space 42496K, 4% used [0x00000000a0000000,0x00000000a01e21c0,0x00000000a2980000)
 Metaspace       used 12556K, capacity 12878K, committed 13056K, reserved 1060864K
  class space    used 1668K, capacity 1781K, committed 1792K, reserved 1048576K
Event: 5.716 GC heap after
Heap after GC invocations=4 (full 0):
 PSYoungGen      total 34304K, used 2560K [0x00000000e0000000, 0x00000000e2400000, 0x0000000100000000)
  eden space 31744K, 0% used [0x00000000e0000000,0x00000000e0000000,0x00000000e1f00000)
  from space 2560K, 100% used [0x00000000e2180000,0x00000000e2400000,0x00000000e2400000)
  to   space 2560K, 0% used [0x00000000e1f00000,0x00000000e1f00000,0x00000000e2180000)
 ParOldGen       total 42496K, used 3841K [0x00000000a0000000, 0x00000000a2980000, 0x00000000e0000000)
  object space 42496K, 9% used [0x00000000a0000000,0x00000000a03c0658,0x00000000a2980000)
 Metaspace       used 12556K, capacity 12878K, committed 13056K, reserved 1060864K
  class space    used 1668K, capacity 1781K, committed 1792K, reserved 1048576K
}
Event: 10.527 GC heap before
{Heap before GC invocations=5 (full 0):
 PSYoungGen      total 34304K, used 34304K [0x00000000e0000000, 0x00000000e2400000, 0x0000000100000000)
  eden space 31744K, 100% used [0x00000000e0000000,0x00000000e1f00000,0x00000000e1f00000)
  from space 2560K, 100% used [0x00000000e2180000,0x00000000e2400000,0x00000000e2400000)
  to   space 2560K, 0% used [0x00000000e1f00000,0x00000000e1f00000,0x00000000e2180000)
 ParOldGen       total 42496K, used 3841K [0x00000000a0000000, 0x00000000a2980000, 0x00000000e0000000)
  object space 42496K, 9% used [0x00000000a0000000,0x00000000a03c0658,0x00000000a2980000)
 Metaspace       used 18457K, capacity 18812K, committed 19072K, reserved 1064960K
  class space    used 2465K, capacity 2598K, committed 2688K, reserved 1048576K
Event: 10.555 GC heap after
Heap after GC invocations=5 (full 0):
 PSYoungGen      total 34304K, used 2560K [0x00000000e0000000, 0x00000000e4f00000, 0x0000000100000000)
  eden space 31744K, 0% used [0x00000000e0000000,0x00000000e0000000,0x00000000e1f00000)
  from space 2560K, 100% used [0x00000000e1f00000,0x00000000e2180000,0x00000000e2180000)
  to   space 8704K, 0% used [0x00000000e4680000,0x00000000e4680000,0x00000000e4f00000)
 ParOldGen       total 42496K, used 9810K [0x00000000a0000000, 0x00000000a2980000, 0x00000000e0000000)
  object space 42496K, 23% used [0x00000000a0000000,0x00000000a0994b50,0x00000000a2980000)
 Metaspace       used 18457K, capacity 18812K, committed 19072K, reserved 1064960K
  class space    used 2465K, capacity 2598K, committed 2688K, reserved 1048576K
}
Event: 13.266 GC heap before
{Heap before GC invocations=6 (full 0):
 PSYoungGen      total 34304K, used 27536K [0x00000000e0000000, 0x00000000e4f00000, 0x0000000100000000)
  eden space 31744K, 78% used [0x00000000e0000000,0x00000000e1864388,0x00000000e1f00000)
  from space 2560K, 100% used [0x00000000e1f00000,0x00000000e2180000,0x00000000e2180000)
  to   space 8704K, 0% used [0x00000000e4680000,0x00000000e4680000,0x00000000e4f00000)
 ParOldGen       total 42496K, used 9810K [0x00000000a0000000, 0x00000000a2980000, 0x00000000e0000000)
  object space 42496K, 23% used [0x00000000a0000000,0x00000000a0994b50,0x00000000a2980000)
 Metaspace       used 20815K, capacity 21264K, committed 21296K, reserved 1067008K
  class space    used 2709K, capacity 2852K, committed 2864K, reserved 1048576K
Event: 13.322 GC heap after
Heap after GC invocations=6 (full 0):
 PSYoungGen      total 72192K, used 5940K [0x00000000e0000000, 0x00000000e4f00000, 0x0000000100000000)
  eden space 63488K, 0% used [0x00000000e0000000,0x00000000e0000000,0x00000000e3e00000)
  from space 8704K, 68% used [0x00000000e4680000,0x00000000e4c4d128,0x00000000e4f00000)
  to   space 8704K, 0% used [0x00000000e3e00000,0x00000000e3e00000,0x00000000e4680000)
 ParOldGen       total 42496K, used 9818K [0x00000000a0000000, 0x00000000a2980000, 0x00000000e0000000)
  object space 42496K, 23% used [0x00000000a0000000,0x00000000a0996b50,0x00000000a2980000)
 Metaspace       used 20815K, capacity 21264K, committed 21296K, reserved 1067008K
  class space    used 2709K, capacity 2852K, committed 2864K, reserved 1048576K
}
Event: 13.322 GC heap before
{Heap before GC invocations=7 (full 1):
 PSYoungGen      total 72192K, used 5940K [0x00000000e0000000, 0x00000000e4f00000, 0x0000000100000000)
  eden space 63488K, 0% used [0x00000000e0000000,0x00000000e0000000,0x00000000e3e00000)
  from space 8704K, 68% used [0x00000000e4680000,0x00000000e4c4d128,0x00000000e4f00000)
  to   space 8704K, 0% used [0x00000000e3e00000,0x00000000e3e00000,0x00000000e4680000)
 ParOldGen       total 42496K, used 9818K [0x00000000a0000000, 0x00000000a2980000, 0x00000000e0000000)
  object space 42496K, 23% used [0x00000000a0000000,0x00000000a0996b50,0x00000000a2980000)
 Metaspace       used 20815K, capacity 21264K, committed 21296K, reserved 1067008K
  class space    used 2709K, capacity 2852K, committed 2864K, reserved 1048576K
Event: 13.508 GC heap after
Heap after GC invocations=7 (full 1):
 PSYoungGen      total 72192K, used 0K [0x00000000e0000000, 0x00000000e4f00000, 0x0000000100000000)
  eden space 63488K, 0% used [0x00000000e0000000,0x00000000e0000000,0x00000000e3e00000)
  from space 8704K, 0% used [0x00000000e4680000,0x00000000e4680000,0x00000000e4f00000)
  to   space 8704K, 0% used [0x00000000e3e00000,0x00000000e3e00000,0x00000000e4680000)
 ParOldGen       total 37376K, used 12213K [0x00000000a0000000, 0x00000000a2480000, 0x00000000e0000000)
  object space 37376K, 32% used [0x00000000a0000000,0x00000000a0bed598,0x00000000a2480000)
 Metaspace       used 20815K, capacity 21264K, committed 21296K, reserved 1067008K
  class space    used 2709K, capacity 2852K, committed 2864K, reserved 1048576K
}

